  [1m[35m (9.9ms)[0m  [1m[35mCREATE TABLE "schema_migrations" ("version" varchar NOT NULL PRIMARY KEY)[0m
  [1m[35m (8.9ms)[0m  [1m[35mCREATE TABLE "ar_internal_metadata" ("key" varchar NOT NULL PRIMARY KEY, "value" varchar, "created_at" datetime(6) NOT NULL, "updated_at" datetime(6) NOT NULL)[0m
  [1m[36mActiveRecord::InternalMetadata Load (0.2ms)[0m  [1m[34mSELECT "ar_internal_metadata".* FROM "ar_internal_metadata" WHERE "ar_internal_metadata"."key" = ? LIMIT ?[0m  [["key", "environment"], ["LIMIT", 1]]
  [1m[36mTRANSACTION (0.1ms)[0m  [1m[36mbegin transaction[0m
  [1m[36mActiveRecord::InternalMetadata Create (2.3ms)[0m  [1m[32mINSERT INTO "ar_internal_metadata" ("key", "value", "created_at", "updated_at") VALUES (?, ?, ?, ?)[0m  [["key", "environment"], ["value", "development"], ["created_at", "2023-06-01 11:36:53.934659"], ["updated_at", "2023-06-01 11:36:53.934659"]]
  [1m[36mTRANSACTION (4.7ms)[0m  [1m[36mcommit transaction[0m
  [1m[36mActiveRecord::SchemaMigration Pluck (0.1ms)[0m  [1m[34mSELECT "schema_migrations"."version" FROM "schema_migrations" ORDER BY "schema_migrations"."version" ASC[0m
  [1m[36mActiveRecord::SchemaMigration Pluck (0.1ms)[0m  [1m[34mSELECT "schema_migrations"."version" FROM "schema_migrations" ORDER BY "schema_migrations"."version" ASC[0m
Migrating to CreateEmails (20230601113700)
  [1m[36mTRANSACTION (0.1ms)[0m  [1m[36mbegin transaction[0m
  [1m[35m (0.3ms)[0m  [1m[35mCREATE TABLE "emails" ("id" integer PRIMARY KEY AUTOINCREMENT NOT NULL, "object" varchar, "body" text, "created_at" datetime(6) NOT NULL, "updated_at" datetime(6) NOT NULL)[0m
  [1m[36mActiveRecord::SchemaMigration Create (0.2ms)[0m  [1m[32mINSERT INTO "schema_migrations" ("version") VALUES (?)[0m  [["version", "20230601113700"]]
  [1m[36mTRANSACTION (11.2ms)[0m  [1m[36mcommit transaction[0m
  [1m[36mActiveRecord::InternalMetadata Load (0.2ms)[0m  [1m[34mSELECT "ar_internal_metadata".* FROM "ar_internal_metadata" WHERE "ar_internal_metadata"."key" = ? LIMIT ?[0m  [["key", "environment"], ["LIMIT", 1]]
  [1m[36mActiveRecord::SchemaMigration Pluck (0.1ms)[0m  [1m[34mSELECT "schema_migrations"."version" FROM "schema_migrations" ORDER BY "schema_migrations"."version" ASC[0m
Started GET "/" for 127.0.0.1 at 2023-06-01 13:45:11 +0200
  [1m[36mActiveRecord::SchemaMigration Pluck (0.2ms)[0m  [1m[34mSELECT "schema_migrations"."version" FROM "schema_migrations" ORDER BY "schema_migrations"."version" ASC[0m
Processing by EmailsController#index as HTML
  Rendering layout layouts/application.html.erb
  Rendering emails/index.html.erb within layouts/application
  Rendered emails/index.html.erb within layouts/application (Duration: 7.1ms | Allocations: 3231)
  Rendered layout layouts/application.html.erb (Duration: 7.5ms | Allocations: 3316)
Completed 500 Internal Server Error in 19ms (ActiveRecord: 0.0ms | Allocations: 8553)


  
ActionView::Template::Error (undefined method `each' for nil:NilClass):
    2:   <div class="col-md-6">
    3:     <h1>Liste des emails</h1>
    4:     <ul id="email-list">
    5:       <% @emails.each do |email| %>
    6:         <li><%= link_to email.object, email_path(email), remote: true %></li>
    7:       <% end %>
    8:     </ul>
  
app/views/emails/index.html.erb:5
Started GET "/" for 127.0.0.1 at 2023-06-01 13:45:58 +0200
Processing by EmailsController#index as HTML
  Rendering layout layouts/application.html.erb
  Rendering emails/index.html.erb within layouts/application
  [1m[36mEmail Load (0.1ms)[0m  [1m[34mSELECT "emails".* FROM "emails"[0m
  ↳ app/views/emails/index.html.erb:5
  Rendered emails/index.html.erb within layouts/application (Duration: 39.0ms | Allocations: 4768)
  Rendered layout layouts/application.html.erb (Duration: 39.6ms | Allocations: 4841)
Completed 500 Internal Server Error in 45ms (ActiveRecord: 0.6ms | Allocations: 6193)


  
ActionView::Template::Error (undefined local variable or method `new_email_path' for #<ActionView::Base:0x0000000000e6c8>):
     6:         <li><%= link_to email.object, email_path(email), remote: true %></li>
     7:       <% end %>
     8:     </ul>
     9:     <%= link_to 'Recevoir un email', new_email_path, remote: true, class: 'btn btn-primary' %>
    10:   </div>
    11:   <div class="col-md-6" id="email-details">
    12:     <h1>Email sélectionné</h1>
  
app/views/emails/index.html.erb:9
Started GET "/" for 127.0.0.1 at 2023-06-01 13:46:40 +0200
Processing by EmailsController#index as HTML
  Rendering layout layouts/application.html.erb
  Rendering emails/index.html.erb within layouts/application
  [1m[36mEmail Load (0.1ms)[0m  [1m[34mSELECT "emails".* FROM "emails"[0m
  ↳ app/views/emails/index.html.erb:5
  Rendered emails/index.html.erb within layouts/application (Duration: 3.5ms | Allocations: 833)
  Rendered layout layouts/application.html.erb (Duration: 433.9ms | Allocations: 97478)
Completed 200 OK in 439ms (Views: 435.9ms | ActiveRecord: 0.8ms | Allocations: 98802)


Started GET "/emails/new" for 127.0.0.1 at 2023-06-01 13:46:43 +0200
  
AbstractController::ActionNotFound (The action 'new' could not be found for EmailsController):
  
actionpack (7.0.5) lib/abstract_controller/base.rb:146:in `process'
actionview (7.0.5) lib/action_view/rendering.rb:39:in `process'
actionpack (7.0.5) lib/action_controller/metal.rb:188:in `dispatch'
actionpack (7.0.5) lib/action_controller/metal.rb:251:in `dispatch'
actionpack (7.0.5) lib/action_dispatch/routing/route_set.rb:49:in `dispatch'
actionpack (7.0.5) lib/action_dispatch/routing/route_set.rb:32:in `serve'
actionpack (7.0.5) lib/action_dispatch/journey/router.rb:50:in `block in serve'
actionpack (7.0.5) lib/action_dispatch/journey/router.rb:32:in `each'
actionpack (7.0.5) lib/action_dispatch/journey/router.rb:32:in `serve'
actionpack (7.0.5) lib/action_dispatch/routing/route_set.rb:852:in `call'
rack (2.2.7) lib/rack/tempfile_reaper.rb:15:in `call'
rack (2.2.7) lib/rack/etag.rb:27:in `call'
rack (2.2.7) lib/rack/conditional_get.rb:27:in `call'
rack (2.2.7) lib/rack/head.rb:12:in `call'
actionpack (7.0.5) lib/action_dispatch/http/permissions_policy.rb:38:in `call'
actionpack (7.0.5) lib/action_dispatch/http/content_security_policy.rb:36:in `call'
rack (2.2.7) lib/rack/session/abstract/id.rb:266:in `context'
rack (2.2.7) lib/rack/session/abstract/id.rb:260:in `call'
actionpack (7.0.5) lib/action_dispatch/middleware/cookies.rb:704:in `call'
activerecord (7.0.5) lib/active_record/migration.rb:603:in `call'
actionpack (7.0.5) lib/action_dispatch/middleware/callbacks.rb:27:in `block in call'
activesupport (7.0.5) lib/active_support/callbacks.rb:99:in `run_callbacks'
actionpack (7.0.5) lib/action_dispatch/middleware/callbacks.rb:26:in `call'
actionpack (7.0.5) lib/action_dispatch/middleware/executor.rb:14:in `call'
actionpack (7.0.5) lib/action_dispatch/middleware/actionable_exceptions.rb:17:in `call'
actionpack (7.0.5) lib/action_dispatch/middleware/debug_exceptions.rb:28:in `call'
web-console (4.2.0) lib/web_console/middleware.rb:132:in `call_app'
web-console (4.2.0) lib/web_console/middleware.rb:28:in `block in call'
web-console (4.2.0) lib/web_console/middleware.rb:17:in `catch'
web-console (4.2.0) lib/web_console/middleware.rb:17:in `call'
actionpack (7.0.5) lib/action_dispatch/middleware/show_exceptions.rb:26:in `call'
railties (7.0.5) lib/rails/rack/logger.rb:40:in `call_app'
railties (7.0.5) lib/rails/rack/logger.rb:25:in `block in call'
activesupport (7.0.5) lib/active_support/tagged_logging.rb:99:in `block in tagged'
activesupport (7.0.5) lib/active_support/tagged_logging.rb:37:in `tagged'
activesupport (7.0.5) lib/active_support/tagged_logging.rb:99:in `tagged'
railties (7.0.5) lib/rails/rack/logger.rb:25:in `call'
sprockets-rails (3.4.2) lib/sprockets/rails/quiet_assets.rb:13:in `call'
actionpack (7.0.5) lib/action_dispatch/middleware/remote_ip.rb:93:in `call'
actionpack (7.0.5) lib/action_dispatch/middleware/request_id.rb:26:in `call'
rack (2.2.7) lib/rack/method_override.rb:24:in `call'
rack (2.2.7) lib/rack/runtime.rb:22:in `call'
activesupport (7.0.5) lib/active_support/cache/strategy/local_cache_middleware.rb:29:in `call'
actionpack (7.0.5) lib/action_dispatch/middleware/server_timing.rb:61:in `block in call'
actionpack (7.0.5) lib/action_dispatch/middleware/server_timing.rb:26:in `collect_events'
actionpack (7.0.5) lib/action_dispatch/middleware/server_timing.rb:60:in `call'
actionpack (7.0.5) lib/action_dispatch/middleware/executor.rb:14:in `call'
actionpack (7.0.5) lib/action_dispatch/middleware/static.rb:23:in `call'
rack (2.2.7) lib/rack/sendfile.rb:110:in `call'
actionpack (7.0.5) lib/action_dispatch/middleware/host_authorization.rb:137:in `call'
railties (7.0.5) lib/rails/engine.rb:530:in `call'
puma (5.6.5) lib/puma/configuration.rb:252:in `call'
puma (5.6.5) lib/puma/request.rb:77:in `block in handle_request'
puma (5.6.5) lib/puma/thread_pool.rb:340:in `with_force_shutdown'
puma (5.6.5) lib/puma/request.rb:76:in `handle_request'
puma (5.6.5) lib/puma/server.rb:443:in `process_client'
puma (5.6.5) lib/puma/thread_pool.rb:147:in `block in spawn_thread'
Started GET "/" for 127.0.0.1 at 2023-06-01 13:46:45 +0200
Processing by EmailsController#index as HTML
  Rendering layout layouts/application.html.erb
  Rendering emails/index.html.erb within layouts/application
  [1m[36mEmail Load (0.1ms)[0m  [1m[34mSELECT "emails".* FROM "emails"[0m
  ↳ app/views/emails/index.html.erb:5
  Rendered emails/index.html.erb within layouts/application (Duration: 1.4ms | Allocations: 559)
  Rendered layout layouts/application.html.erb (Duration: 6.9ms | Allocations: 3237)
Completed 200 OK in 8ms (Views: 7.4ms | ActiveRecord: 0.1ms | Allocations: 3569)


Started GET "/emails/new" for 127.0.0.1 at 2023-06-01 13:46:47 +0200
  
AbstractController::ActionNotFound (The action 'new' could not be found for EmailsController):
  
actionpack (7.0.5) lib/abstract_controller/base.rb:146:in `process'
actionview (7.0.5) lib/action_view/rendering.rb:39:in `process'
actionpack (7.0.5) lib/action_controller/metal.rb:188:in `dispatch'
actionpack (7.0.5) lib/action_controller/metal.rb:251:in `dispatch'
actionpack (7.0.5) lib/action_dispatch/routing/route_set.rb:49:in `dispatch'
actionpack (7.0.5) lib/action_dispatch/routing/route_set.rb:32:in `serve'
actionpack (7.0.5) lib/action_dispatch/journey/router.rb:50:in `block in serve'
actionpack (7.0.5) lib/action_dispatch/journey/router.rb:32:in `each'
actionpack (7.0.5) lib/action_dispatch/journey/router.rb:32:in `serve'
actionpack (7.0.5) lib/action_dispatch/routing/route_set.rb:852:in `call'
rack (2.2.7) lib/rack/tempfile_reaper.rb:15:in `call'
rack (2.2.7) lib/rack/etag.rb:27:in `call'
rack (2.2.7) lib/rack/conditional_get.rb:27:in `call'
rack (2.2.7) lib/rack/head.rb:12:in `call'
actionpack (7.0.5) lib/action_dispatch/http/permissions_policy.rb:38:in `call'
actionpack (7.0.5) lib/action_dispatch/http/content_security_policy.rb:36:in `call'
rack (2.2.7) lib/rack/session/abstract/id.rb:266:in `context'
rack (2.2.7) lib/rack/session/abstract/id.rb:260:in `call'
actionpack (7.0.5) lib/action_dispatch/middleware/cookies.rb:704:in `call'
activerecord (7.0.5) lib/active_record/migration.rb:603:in `call'
actionpack (7.0.5) lib/action_dispatch/middleware/callbacks.rb:27:in `block in call'
activesupport (7.0.5) lib/active_support/callbacks.rb:99:in `run_callbacks'
actionpack (7.0.5) lib/action_dispatch/middleware/callbacks.rb:26:in `call'
actionpack (7.0.5) lib/action_dispatch/middleware/executor.rb:14:in `call'
actionpack (7.0.5) lib/action_dispatch/middleware/actionable_exceptions.rb:17:in `call'
actionpack (7.0.5) lib/action_dispatch/middleware/debug_exceptions.rb:28:in `call'
web-console (4.2.0) lib/web_console/middleware.rb:132:in `call_app'
web-console (4.2.0) lib/web_console/middleware.rb:28:in `block in call'
web-console (4.2.0) lib/web_console/middleware.rb:17:in `catch'
web-console (4.2.0) lib/web_console/middleware.rb:17:in `call'
actionpack (7.0.5) lib/action_dispatch/middleware/show_exceptions.rb:26:in `call'
railties (7.0.5) lib/rails/rack/logger.rb:40:in `call_app'
railties (7.0.5) lib/rails/rack/logger.rb:25:in `block in call'
activesupport (7.0.5) lib/active_support/tagged_logging.rb:99:in `block in tagged'
activesupport (7.0.5) lib/active_support/tagged_logging.rb:37:in `tagged'
activesupport (7.0.5) lib/active_support/tagged_logging.rb:99:in `tagged'
railties (7.0.5) lib/rails/rack/logger.rb:25:in `call'
sprockets-rails (3.4.2) lib/sprockets/rails/quiet_assets.rb:13:in `call'
actionpack (7.0.5) lib/action_dispatch/middleware/remote_ip.rb:93:in `call'
actionpack (7.0.5) lib/action_dispatch/middleware/request_id.rb:26:in `call'
rack (2.2.7) lib/rack/method_override.rb:24:in `call'
rack (2.2.7) lib/rack/runtime.rb:22:in `call'
activesupport (7.0.5) lib/active_support/cache/strategy/local_cache_middleware.rb:29:in `call'
actionpack (7.0.5) lib/action_dispatch/middleware/server_timing.rb:61:in `block in call'
actionpack (7.0.5) lib/action_dispatch/middleware/server_timing.rb:26:in `collect_events'
actionpack (7.0.5) lib/action_dispatch/middleware/server_timing.rb:60:in `call'
actionpack (7.0.5) lib/action_dispatch/middleware/executor.rb:14:in `call'
actionpack (7.0.5) lib/action_dispatch/middleware/static.rb:23:in `call'
rack (2.2.7) lib/rack/sendfile.rb:110:in `call'
actionpack (7.0.5) lib/action_dispatch/middleware/host_authorization.rb:137:in `call'
railties (7.0.5) lib/rails/engine.rb:530:in `call'
puma (5.6.5) lib/puma/configuration.rb:252:in `call'
puma (5.6.5) lib/puma/request.rb:77:in `block in handle_request'
puma (5.6.5) lib/puma/thread_pool.rb:340:in `with_force_shutdown'
puma (5.6.5) lib/puma/request.rb:76:in `handle_request'
puma (5.6.5) lib/puma/server.rb:443:in `process_client'
puma (5.6.5) lib/puma/thread_pool.rb:147:in `block in spawn_thread'
  [1m[36mActiveRecord::SchemaMigration Pluck (0.1ms)[0m  [1m[34mSELECT "schema_migrations"."version" FROM "schema_migrations" ORDER BY "schema_migrations"."version" ASC[0m
  [1m[36mTRANSACTION (0.1ms)[0m  [1m[36mbegin transaction[0m
  [1m[36mEmail Create (0.3ms)[0m  [1m[32mINSERT INTO "emails" ("object", "body", "created_at", "updated_at") VALUES (?, ?, ?, ?)[0m  [["object", "Excepturi iure sunt voluptas."], ["body", "Aperiam tenetur ipsum. Amet nihil voluptate. Nesciunt id possimus. Voluptatibus doloremque a. Illum blanditiis ut. Laborum dolores cumque. Culpa non nulla. Et consequatur recusandae. Et ducimus reiciendis. Quasi enim reiciendis."], ["created_at", "2023-06-01 11:47:06.566947"], ["updated_at", "2023-06-01 11:47:06.566947"]]
  [1m[36mTRANSACTION (9.6ms)[0m  [1m[36mcommit transaction[0m
  [1m[36mTRANSACTION (0.0ms)[0m  [1m[36mbegin transaction[0m
  [1m[36mEmail Create (0.2ms)[0m  [1m[32mINSERT INTO "emails" ("object", "body", "created_at", "updated_at") VALUES (?, ?, ?, ?)[0m  [["object", "At sit voluptatem rerum."], ["body", "Voluptatem eum quisquam. Voluptatum dicta asperiores. Explicabo ipsa sed. Cupiditate rem eaque. Itaque recusandae sed. Odio quidem expedita. Ipsam molestias aspernatur. Fugiat id vel. Consequatur esse qui. Et voluptas aperiam."], ["created_at", "2023-06-01 11:47:06.582135"], ["updated_at", "2023-06-01 11:47:06.582135"]]
  [1m[36mTRANSACTION (3.2ms)[0m  [1m[36mcommit transaction[0m
  [1m[36mTRANSACTION (0.1ms)[0m  [1m[36mbegin transaction[0m
  [1m[36mEmail Create (0.2ms)[0m  [1m[32mINSERT INTO "emails" ("object", "body", "created_at", "updated_at") VALUES (?, ?, ?, ?)[0m  [["object", "Ut velit placeat cupiditate."], ["body", "Perferendis dolor sint. Quibusdam et quisquam. Maxime quaerat sit. Qui est similique. Laudantium atque ipsa. Aut at vel. Ut veniam aut. Maiores sint omnis. Repellat nihil eos. Sunt iure sit."], ["created_at", "2023-06-01 11:47:06.589113"], ["updated_at", "2023-06-01 11:47:06.589113"]]
  [1m[36mTRANSACTION (3.1ms)[0m  [1m[36mcommit transaction[0m
  [1m[36mTRANSACTION (0.1ms)[0m  [1m[36mbegin transaction[0m
  [1m[36mEmail Create (0.2ms)[0m  [1m[32mINSERT INTO "emails" ("object", "body", "created_at", "updated_at") VALUES (?, ?, ?, ?)[0m  [["object", "Eum debitis tempora velit."], ["body", "Eveniet repellendus quo. Voluptas aut harum. Sit qui dolorem. Non fuga dolore. Et vitae iure. Eligendi consectetur adipisci. Dolorem qui quis. Et neque alias. Similique natus consectetur. Consectetur quia fuga."], ["created_at", "2023-06-01 11:47:06.599055"], ["updated_at", "2023-06-01 11:47:06.599055"]]
  [1m[36mTRANSACTION (19.1ms)[0m  [1m[36mcommit transaction[0m
  [1m[36mTRANSACTION (0.1ms)[0m  [1m[36mbegin transaction[0m
  [1m[36mEmail Create (0.4ms)[0m  [1m[32mINSERT INTO "emails" ("object", "body", "created_at", "updated_at") VALUES (?, ?, ?, ?)[0m  [["object", "Vero enim commodi quasi."], ["body", "Voluptatem possimus omnis. Qui libero optio. Voluptates modi quia. Iste id laborum. Quam aliquid omnis. Ea consequatur aut. Aut sint et. Ut dolores rerum. Architecto mollitia facilis. Modi omnis ut."], ["created_at", "2023-06-01 11:47:06.625468"], ["updated_at", "2023-06-01 11:47:06.625468"]]
  [1m[36mTRANSACTION (3.8ms)[0m  [1m[36mcommit transaction[0m
Started GET "/emails/new" for 127.0.0.1 at 2023-06-01 13:47:12 +0200
  [1m[36mActiveRecord::SchemaMigration Pluck (0.2ms)[0m  [1m[34mSELECT "schema_migrations"."version" FROM "schema_migrations" ORDER BY "schema_migrations"."version" ASC[0m
  
AbstractController::ActionNotFound (The action 'new' could not be found for EmailsController):
  
actionpack (7.0.5) lib/abstract_controller/base.rb:146:in `process'
actionview (7.0.5) lib/action_view/rendering.rb:39:in `process'
actionpack (7.0.5) lib/action_controller/metal.rb:188:in `dispatch'
actionpack (7.0.5) lib/action_controller/metal.rb:251:in `dispatch'
actionpack (7.0.5) lib/action_dispatch/routing/route_set.rb:49:in `dispatch'
actionpack (7.0.5) lib/action_dispatch/routing/route_set.rb:32:in `serve'
actionpack (7.0.5) lib/action_dispatch/journey/router.rb:50:in `block in serve'
actionpack (7.0.5) lib/action_dispatch/journey/router.rb:32:in `each'
actionpack (7.0.5) lib/action_dispatch/journey/router.rb:32:in `serve'
actionpack (7.0.5) lib/action_dispatch/routing/route_set.rb:852:in `call'
rack (2.2.7) lib/rack/tempfile_reaper.rb:15:in `call'
rack (2.2.7) lib/rack/etag.rb:27:in `call'
rack (2.2.7) lib/rack/conditional_get.rb:27:in `call'
rack (2.2.7) lib/rack/head.rb:12:in `call'
actionpack (7.0.5) lib/action_dispatch/http/permissions_policy.rb:38:in `call'
actionpack (7.0.5) lib/action_dispatch/http/content_security_policy.rb:36:in `call'
rack (2.2.7) lib/rack/session/abstract/id.rb:266:in `context'
rack (2.2.7) lib/rack/session/abstract/id.rb:260:in `call'
actionpack (7.0.5) lib/action_dispatch/middleware/cookies.rb:704:in `call'
activerecord (7.0.5) lib/active_record/migration.rb:603:in `call'
actionpack (7.0.5) lib/action_dispatch/middleware/callbacks.rb:27:in `block in call'
activesupport (7.0.5) lib/active_support/callbacks.rb:99:in `run_callbacks'
actionpack (7.0.5) lib/action_dispatch/middleware/callbacks.rb:26:in `call'
actionpack (7.0.5) lib/action_dispatch/middleware/executor.rb:14:in `call'
actionpack (7.0.5) lib/action_dispatch/middleware/actionable_exceptions.rb:17:in `call'
actionpack (7.0.5) lib/action_dispatch/middleware/debug_exceptions.rb:28:in `call'
web-console (4.2.0) lib/web_console/middleware.rb:132:in `call_app'
web-console (4.2.0) lib/web_console/middleware.rb:28:in `block in call'
web-console (4.2.0) lib/web_console/middleware.rb:17:in `catch'
web-console (4.2.0) lib/web_console/middleware.rb:17:in `call'
actionpack (7.0.5) lib/action_dispatch/middleware/show_exceptions.rb:26:in `call'
railties (7.0.5) lib/rails/rack/logger.rb:40:in `call_app'
railties (7.0.5) lib/rails/rack/logger.rb:25:in `block in call'
activesupport (7.0.5) lib/active_support/tagged_logging.rb:99:in `block in tagged'
activesupport (7.0.5) lib/active_support/tagged_logging.rb:37:in `tagged'
activesupport (7.0.5) lib/active_support/tagged_logging.rb:99:in `tagged'
railties (7.0.5) lib/rails/rack/logger.rb:25:in `call'
sprockets-rails (3.4.2) lib/sprockets/rails/quiet_assets.rb:13:in `call'
actionpack (7.0.5) lib/action_dispatch/middleware/remote_ip.rb:93:in `call'
actionpack (7.0.5) lib/action_dispatch/middleware/request_id.rb:26:in `call'
rack (2.2.7) lib/rack/method_override.rb:24:in `call'
rack (2.2.7) lib/rack/runtime.rb:22:in `call'
activesupport (7.0.5) lib/active_support/cache/strategy/local_cache_middleware.rb:29:in `call'
actionpack (7.0.5) lib/action_dispatch/middleware/server_timing.rb:61:in `block in call'
actionpack (7.0.5) lib/action_dispatch/middleware/server_timing.rb:26:in `collect_events'
actionpack (7.0.5) lib/action_dispatch/middleware/server_timing.rb:60:in `call'
actionpack (7.0.5) lib/action_dispatch/middleware/executor.rb:14:in `call'
actionpack (7.0.5) lib/action_dispatch/middleware/static.rb:23:in `call'
rack (2.2.7) lib/rack/sendfile.rb:110:in `call'
actionpack (7.0.5) lib/action_dispatch/middleware/host_authorization.rb:137:in `call'
railties (7.0.5) lib/rails/engine.rb:530:in `call'
puma (5.6.5) lib/puma/configuration.rb:252:in `call'
puma (5.6.5) lib/puma/request.rb:77:in `block in handle_request'
puma (5.6.5) lib/puma/thread_pool.rb:340:in `with_force_shutdown'
puma (5.6.5) lib/puma/request.rb:76:in `handle_request'
puma (5.6.5) lib/puma/server.rb:443:in `process_client'
puma (5.6.5) lib/puma/thread_pool.rb:147:in `block in spawn_thread'
Started GET "/" for 127.0.0.1 at 2023-06-01 13:47:20 +0200
Processing by EmailsController#index as HTML
  Rendering layout layouts/application.html.erb
  Rendering emails/index.html.erb within layouts/application
  [1m[36mEmail Load (0.2ms)[0m  [1m[34mSELECT "emails".* FROM "emails"[0m
  ↳ app/views/emails/index.html.erb:5
  Rendered emails/index.html.erb within layouts/application (Duration: 41.9ms | Allocations: 20216)
  Rendered layout layouts/application.html.erb (Duration: 42.2ms | Allocations: 20290)
Completed 500 Internal Server Error in 50ms (ActiveRecord: 0.7ms | Allocations: 24731)


  
ActionView::Template::Error (undefined method `email_path' for #<ActionView::Base:0x0000000000aeb0>
Did you mean?  emails_path
               image_path):
    3:     <h1>Liste des emails</h1>
    4:     <ul id="email-list">
    5:       <% @emails.each do |email| %>
    6:         <li><%= link_to email.object, email_path(email), remote: true %></li>
    7:       <% end %>
    8:     </ul>
    9:     <%= link_to 'Recevoir un email', new_email_path, remote: true, class: 'btn btn-primary' %>
  
app/views/emails/index.html.erb:6
app/views/emails/index.html.erb:5
Started GET "/" for 127.0.0.1 at 2023-06-01 13:48:14 +0200
  [1m[36mActiveRecord::SchemaMigration Pluck (0.2ms)[0m  [1m[34mSELECT "schema_migrations"."version" FROM "schema_migrations" ORDER BY "schema_migrations"."version" ASC[0m
Processing by EmailsController#index as HTML
  Rendering layout layouts/application.html.erb
  Rendering emails/index.html.erb within layouts/application
  [1m[36mEmail Load (0.2ms)[0m  [1m[34mSELECT "emails".* FROM "emails"[0m
  ↳ app/views/emails/index.html.erb:5
  Rendered emails/index.html.erb within layouts/application (Duration: 38.7ms | Allocations: 21202)
  Rendered layout layouts/application.html.erb (Duration: 39.3ms | Allocations: 21287)
Completed 500 Internal Server Error in 482ms (ActiveRecord: 0.7ms | Allocations: 368896)


  
ActionView::Template::Error (undefined method `email_path' for #<ActionView::Base:0x0000000000abb8>
Did you mean?  emails_path
               image_path):
    3:     <h1>Liste des emails</h1>
    4:     <ul id="email-list">
    5:       <% @emails.each do |email| %>
    6:         <li><%= link_to email.object, email_path(email), remote: true %></li>
    7:       <% end %>
    8:     </ul>
    9:     <%= link_to 'Recevoir un email', new_email_path, remote: true, class: 'btn btn-primary' %>
  
app/views/emails/index.html.erb:6
app/views/emails/index.html.erb:5
Started GET "/" for 127.0.0.1 at 2023-06-01 13:49:09 +0200
Processing by EmailsController#index as HTML
  Rendering layout layouts/application.html.erb
  Rendering emails/index.html.erb within layouts/application
  [1m[36mEmail Load (0.1ms)[0m  [1m[34mSELECT "emails".* FROM "emails"[0m
  ↳ app/views/emails/index.html.erb:5
  Rendered emails/index.html.erb within layouts/application (Duration: 23.2ms | Allocations: 4321)
  Rendered layout layouts/application.html.erb (Duration: 23.5ms | Allocations: 4393)
Completed 500 Internal Server Error in 24ms (ActiveRecord: 0.1ms | Allocations: 4695)


  
ActionView::Template::Error (undefined method `email_path' for #<ActionView::Base:0x0000000000af00>
Did you mean?  emails_path
               image_path):
    3:     <h1>Liste des emails</h1>
    4:     <ul id="email-list">
    5:       <% @emails.each do |email| %>
    6:         <li><%= link_to email.object, email_path(email), remote: true %></li>
    7:       <% end %>
    8:     </ul>
    9:     <%= link_to 'Recevoir un email', new_email_path, remote: true, class: 'btn btn-primary' %>
  
app/views/emails/index.html.erb:6
app/views/emails/index.html.erb:5
Started GET "/" for 127.0.0.1 at 2023-06-01 13:49:11 +0200
Processing by EmailsController#index as HTML
  Rendering layout layouts/application.html.erb
  Rendering emails/index.html.erb within layouts/application
  [1m[36mEmail Load (0.1ms)[0m  [1m[34mSELECT "emails".* FROM "emails"[0m
  ↳ app/views/emails/index.html.erb:5
  Rendered emails/index.html.erb within layouts/application (Duration: 26.0ms | Allocations: 4318)
  Rendered layout layouts/application.html.erb (Duration: 27.4ms | Allocations: 4390)
Completed 500 Internal Server Error in 30ms (ActiveRecord: 0.1ms | Allocations: 4689)


  
ActionView::Template::Error (undefined method `email_path' for #<ActionView::Base:0x0000000000b1f8>
Did you mean?  emails_path
               image_path):
    3:     <h1>Liste des emails</h1>
    4:     <ul id="email-list">
    5:       <% @emails.each do |email| %>
    6:         <li><%= link_to email.object, email_path(email), remote: true %></li>
    7:       <% end %>
    8:     </ul>
    9:     <%= link_to 'Recevoir un email', new_email_path, remote: true, class: 'btn btn-primary' %>
  
app/views/emails/index.html.erb:6
app/views/emails/index.html.erb:5
Started GET "/" for 127.0.0.1 at 2023-06-01 13:50:39 +0200
Processing by EmailsController#index as HTML
  Rendering layout layouts/application.html.erb
  Rendering emails/index.html.erb within layouts/application
  [1m[36mEmail Load (0.2ms)[0m  [1m[34mSELECT "emails".* FROM "emails"[0m
  ↳ app/views/emails/index.html.erb:5
  Rendered emails/index.html.erb within layouts/application (Duration: 31.2ms | Allocations: 6064)
  Rendered layout layouts/application.html.erb (Duration: 31.9ms | Allocations: 6137)
Completed 500 Internal Server Error in 35ms (ActiveRecord: 1.5ms | Allocations: 7403)


  
ActionView::Template::Error (undefined method `email_path' for #<ActionView::Base:0x0000000000f118>
Did you mean?  emails_path
               image_path):
    3:     <h1>Liste des emails</h1>
    4:     <ul id="email-list">
    5:       <% @emails.each do |email| %>
    6:         <li><%= link_to email.object, email_path(email), remote: true %></li>
    7:       <% end %>
    8:     </ul>
    9:     <%= link_to 'Recevoir un email', new_email_path, remote: true, class: 'btn btn-primary' %>
  
app/views/emails/index.html.erb:6
app/views/emails/index.html.erb:5
Started GET "/" for 127.0.0.1 at 2023-06-01 13:50:54 +0200
Processing by EmailsController#index as HTML
  Rendering layout layouts/application.html.erb
  Rendering emails/index.html.erb within layouts/application
  [1m[36mEmail Load (0.1ms)[0m  [1m[34mSELECT "emails".* FROM "emails"[0m
  ↳ app/views/emails/index.html.erb:5
  Rendered emails/index.html.erb within layouts/application (Duration: 11.3ms | Allocations: 2669)
  Rendered layout layouts/application.html.erb (Duration: 100.4ms | Allocations: 40388)
Completed 200 OK in 104ms (Views: 102.2ms | ActiveRecord: 1.0ms | Allocations: 41710)


Started GET "/emails/new" for 127.0.0.1 at 2023-06-01 13:51:00 +0200
Processing by EmailsController#new as HTML
Completed 406 Not Acceptable in 2ms (ActiveRecord: 0.0ms | Allocations: 806)


  
ActionController::MissingExactTemplate (EmailsController#new is missing a template for request formats: text/html):
  
actionpack (7.0.5) lib/action_controller/metal/implicit_render.rb:45:in `default_render'
actionpack (7.0.5) lib/action_controller/metal/basic_implicit_render.rb:7:in `send_action'
actionpack (7.0.5) lib/abstract_controller/base.rb:215:in `process_action'
actionpack (7.0.5) lib/action_controller/metal/rendering.rb:165:in `process_action'
actionpack (7.0.5) lib/abstract_controller/callbacks.rb:234:in `block in process_action'
activesupport (7.0.5) lib/active_support/callbacks.rb:118:in `block in run_callbacks'
actiontext (7.0.5) lib/action_text/rendering.rb:20:in `with_renderer'
actiontext (7.0.5) lib/action_text/engine.rb:69:in `block (4 levels) in <class:Engine>'
activesupport (7.0.5) lib/active_support/callbacks.rb:127:in `instance_exec'
activesupport (7.0.5) lib/active_support/callbacks.rb:127:in `block in run_callbacks'
activesupport (7.0.5) lib/active_support/callbacks.rb:138:in `run_callbacks'
actionpack (7.0.5) lib/abstract_controller/callbacks.rb:233:in `process_action'
actionpack (7.0.5) lib/action_controller/metal/rescue.rb:22:in `process_action'
actionpack (7.0.5) lib/action_controller/metal/instrumentation.rb:67:in `block in process_action'
activesupport (7.0.5) lib/active_support/notifications.rb:206:in `block in instrument'
activesupport (7.0.5) lib/active_support/notifications/instrumenter.rb:24:in `instrument'
activesupport (7.0.5) lib/active_support/notifications.rb:206:in `instrument'
actionpack (7.0.5) lib/action_controller/metal/instrumentation.rb:66:in `process_action'
actionpack (7.0.5) lib/action_controller/metal/params_wrapper.rb:259:in `process_action'
activerecord (7.0.5) lib/active_record/railties/controller_runtime.rb:27:in `process_action'
actionpack (7.0.5) lib/abstract_controller/base.rb:151:in `process'
actionview (7.0.5) lib/action_view/rendering.rb:39:in `process'
actionpack (7.0.5) lib/action_controller/metal.rb:188:in `dispatch'
actionpack (7.0.5) lib/action_controller/metal.rb:251:in `dispatch'
actionpack (7.0.5) lib/action_dispatch/routing/route_set.rb:49:in `dispatch'
actionpack (7.0.5) lib/action_dispatch/routing/route_set.rb:32:in `serve'
actionpack (7.0.5) lib/action_dispatch/journey/router.rb:50:in `block in serve'
actionpack (7.0.5) lib/action_dispatch/journey/router.rb:32:in `each'
actionpack (7.0.5) lib/action_dispatch/journey/router.rb:32:in `serve'
actionpack (7.0.5) lib/action_dispatch/routing/route_set.rb:852:in `call'
rack (2.2.7) lib/rack/tempfile_reaper.rb:15:in `call'
rack (2.2.7) lib/rack/etag.rb:27:in `call'
rack (2.2.7) lib/rack/conditional_get.rb:27:in `call'
rack (2.2.7) lib/rack/head.rb:12:in `call'
actionpack (7.0.5) lib/action_dispatch/http/permissions_policy.rb:38:in `call'
actionpack (7.0.5) lib/action_dispatch/http/content_security_policy.rb:36:in `call'
rack (2.2.7) lib/rack/session/abstract/id.rb:266:in `context'
rack (2.2.7) lib/rack/session/abstract/id.rb:260:in `call'
actionpack (7.0.5) lib/action_dispatch/middleware/cookies.rb:704:in `call'
activerecord (7.0.5) lib/active_record/migration.rb:603:in `call'
actionpack (7.0.5) lib/action_dispatch/middleware/callbacks.rb:27:in `block in call'
activesupport (7.0.5) lib/active_support/callbacks.rb:99:in `run_callbacks'
actionpack (7.0.5) lib/action_dispatch/middleware/callbacks.rb:26:in `call'
actionpack (7.0.5) lib/action_dispatch/middleware/executor.rb:14:in `call'
actionpack (7.0.5) lib/action_dispatch/middleware/actionable_exceptions.rb:17:in `call'
actionpack (7.0.5) lib/action_dispatch/middleware/debug_exceptions.rb:28:in `call'
web-console (4.2.0) lib/web_console/middleware.rb:132:in `call_app'
web-console (4.2.0) lib/web_console/middleware.rb:28:in `block in call'
web-console (4.2.0) lib/web_console/middleware.rb:17:in `catch'
web-console (4.2.0) lib/web_console/middleware.rb:17:in `call'
actionpack (7.0.5) lib/action_dispatch/middleware/show_exceptions.rb:26:in `call'
railties (7.0.5) lib/rails/rack/logger.rb:40:in `call_app'
railties (7.0.5) lib/rails/rack/logger.rb:25:in `block in call'
activesupport (7.0.5) lib/active_support/tagged_logging.rb:99:in `block in tagged'
activesupport (7.0.5) lib/active_support/tagged_logging.rb:37:in `tagged'
activesupport (7.0.5) lib/active_support/tagged_logging.rb:99:in `tagged'
railties (7.0.5) lib/rails/rack/logger.rb:25:in `call'
sprockets-rails (3.4.2) lib/sprockets/rails/quiet_assets.rb:13:in `call'
actionpack (7.0.5) lib/action_dispatch/middleware/remote_ip.rb:93:in `call'
actionpack (7.0.5) lib/action_dispatch/middleware/request_id.rb:26:in `call'
rack (2.2.7) lib/rack/method_override.rb:24:in `call'
rack (2.2.7) lib/rack/runtime.rb:22:in `call'
activesupport (7.0.5) lib/active_support/cache/strategy/local_cache_middleware.rb:29:in `call'
actionpack (7.0.5) lib/action_dispatch/middleware/server_timing.rb:61:in `block in call'
actionpack (7.0.5) lib/action_dispatch/middleware/server_timing.rb:26:in `collect_events'
actionpack (7.0.5) lib/action_dispatch/middleware/server_timing.rb:60:in `call'
actionpack (7.0.5) lib/action_dispatch/middleware/executor.rb:14:in `call'
actionpack (7.0.5) lib/action_dispatch/middleware/static.rb:23:in `call'
rack (2.2.7) lib/rack/sendfile.rb:110:in `call'
actionpack (7.0.5) lib/action_dispatch/middleware/host_authorization.rb:137:in `call'
railties (7.0.5) lib/rails/engine.rb:530:in `call'
puma (5.6.5) lib/puma/configuration.rb:252:in `call'
puma (5.6.5) lib/puma/request.rb:77:in `block in handle_request'
puma (5.6.5) lib/puma/thread_pool.rb:340:in `with_force_shutdown'
puma (5.6.5) lib/puma/request.rb:76:in `handle_request'
puma (5.6.5) lib/puma/server.rb:443:in `process_client'
puma (5.6.5) lib/puma/thread_pool.rb:147:in `block in spawn_thread'
Started GET "/" for 127.0.0.1 at 2023-06-01 13:51:03 +0200
Processing by EmailsController#index as HTML
  Rendering layout layouts/application.html.erb
  Rendering emails/index.html.erb within layouts/application
  [1m[36mEmail Load (0.1ms)[0m  [1m[34mSELECT "emails".* FROM "emails"[0m
  ↳ app/views/emails/index.html.erb:5
  Rendered emails/index.html.erb within layouts/application (Duration: 4.1ms | Allocations: 821)
  Rendered layout layouts/application.html.erb (Duration: 11.7ms | Allocations: 3492)
Completed 200 OK in 13ms (Views: 12.3ms | ActiveRecord: 0.1ms | Allocations: 3817)


Started GET "/emails/1" for 127.0.0.1 at 2023-06-01 13:51:03 +0200
Processing by EmailsController#show as HTML
  Parameters: {"id"=>"1"}
  [1m[36mEmail Load (0.2ms)[0m  [1m[34mSELECT "emails".* FROM "emails" WHERE "emails"."id" = ? LIMIT ?[0m  [["id", 1], ["LIMIT", 1]]
  ↳ app/controllers/emails_controller.rb:19:in `show'
Redirected to http://127.0.0.1:3000/
Completed 302 Found in 5ms (ActiveRecord: 0.2ms | Allocations: 2662)


Started GET "/" for 127.0.0.1 at 2023-06-01 13:51:03 +0200
Processing by EmailsController#index as HTML
  Rendering layout layouts/application.html.erb
  Rendering emails/index.html.erb within layouts/application
  [1m[36mEmail Load (0.1ms)[0m  [1m[34mSELECT "emails".* FROM "emails"[0m
  ↳ app/views/emails/index.html.erb:5
  Rendered emails/index.html.erb within layouts/application (Duration: 1.9ms | Allocations: 822)
  Rendered layout layouts/application.html.erb (Duration: 5.8ms | Allocations: 3491)
Completed 200 OK in 7ms (Views: 6.3ms | ActiveRecord: 0.1ms | Allocations: 3819)


Started GET "/emails/2" for 127.0.0.1 at 2023-06-01 13:51:05 +0200
Processing by EmailsController#show as HTML
  Parameters: {"id"=>"2"}
  [1m[36mEmail Load (0.1ms)[0m  [1m[34mSELECT "emails".* FROM "emails" WHERE "emails"."id" = ? LIMIT ?[0m  [["id", 2], ["LIMIT", 1]]
  ↳ app/controllers/emails_controller.rb:19:in `show'
Redirected to http://127.0.0.1:3000/
Completed 302 Found in 2ms (ActiveRecord: 0.1ms | Allocations: 663)


Started GET "/" for 127.0.0.1 at 2023-06-01 13:51:05 +0200
Processing by EmailsController#index as HTML
  Rendering layout layouts/application.html.erb
  Rendering emails/index.html.erb within layouts/application
  [1m[36mEmail Load (0.1ms)[0m  [1m[34mSELECT "emails".* FROM "emails"[0m
  ↳ app/views/emails/index.html.erb:5
  Rendered emails/index.html.erb within layouts/application (Duration: 1.9ms | Allocations: 822)
  Rendered layout layouts/application.html.erb (Duration: 5.9ms | Allocations: 3486)
Completed 200 OK in 7ms (Views: 6.4ms | ActiveRecord: 0.1ms | Allocations: 3812)


Started GET "/emails/3" for 127.0.0.1 at 2023-06-01 13:51:05 +0200
Processing by EmailsController#show as HTML
  Parameters: {"id"=>"3"}
  [1m[36mEmail Load (0.1ms)[0m  [1m[34mSELECT "emails".* FROM "emails" WHERE "emails"."id" = ? LIMIT ?[0m  [["id", 3], ["LIMIT", 1]]
  ↳ app/controllers/emails_controller.rb:19:in `show'
Redirected to http://127.0.0.1:3000/
Completed 302 Found in 2ms (ActiveRecord: 0.1ms | Allocations: 664)


Started GET "/" for 127.0.0.1 at 2023-06-01 13:51:05 +0200
Processing by EmailsController#index as HTML
  Rendering layout layouts/application.html.erb
  Rendering emails/index.html.erb within layouts/application
  [1m[36mEmail Load (0.1ms)[0m  [1m[34mSELECT "emails".* FROM "emails"[0m
  ↳ app/views/emails/index.html.erb:5
  Rendered emails/index.html.erb within layouts/application (Duration: 1.9ms | Allocations: 822)
  Rendered layout layouts/application.html.erb (Duration: 5.9ms | Allocations: 3492)
Completed 200 OK in 7ms (Views: 6.4ms | ActiveRecord: 0.1ms | Allocations: 3818)


Started GET "/emails/5" for 127.0.0.1 at 2023-06-01 13:51:06 +0200
Processing by EmailsController#show as HTML
  Parameters: {"id"=>"5"}
  [1m[36mEmail Load (0.1ms)[0m  [1m[34mSELECT "emails".* FROM "emails" WHERE "emails"."id" = ? LIMIT ?[0m  [["id", 5], ["LIMIT", 1]]
  ↳ app/controllers/emails_controller.rb:19:in `show'
Redirected to http://127.0.0.1:3000/
Completed 302 Found in 2ms (ActiveRecord: 0.1ms | Allocations: 664)


Started GET "/" for 127.0.0.1 at 2023-06-01 13:51:06 +0200
Processing by EmailsController#index as HTML
  Rendering layout layouts/application.html.erb
  Rendering emails/index.html.erb within layouts/application
  [1m[36mEmail Load (0.1ms)[0m  [1m[34mSELECT "emails".* FROM "emails"[0m
  ↳ app/views/emails/index.html.erb:5
  Rendered emails/index.html.erb within layouts/application (Duration: 1.7ms | Allocations: 822)
  Rendered layout layouts/application.html.erb (Duration: 5.3ms | Allocations: 3484)
Completed 200 OK in 6ms (Views: 5.7ms | ActiveRecord: 0.1ms | Allocations: 3810)


Started GET "/emails/4" for 127.0.0.1 at 2023-06-01 13:51:06 +0200
Processing by EmailsController#show as HTML
  Parameters: {"id"=>"4"}
  [1m[36mEmail Load (0.1ms)[0m  [1m[34mSELECT "emails".* FROM "emails" WHERE "emails"."id" = ? LIMIT ?[0m  [["id", 4], ["LIMIT", 1]]
  ↳ app/controllers/emails_controller.rb:19:in `show'
Redirected to http://127.0.0.1:3000/
Completed 302 Found in 5ms (ActiveRecord: 0.1ms | Allocations: 665)


Started GET "/" for 127.0.0.1 at 2023-06-01 13:51:06 +0200
Processing by EmailsController#index as HTML
  Rendering layout layouts/application.html.erb
  Rendering emails/index.html.erb within layouts/application
  [1m[36mEmail Load (0.1ms)[0m  [1m[34mSELECT "emails".* FROM "emails"[0m
  ↳ app/views/emails/index.html.erb:5
  Rendered emails/index.html.erb within layouts/application (Duration: 2.3ms | Allocations: 822)
  Rendered layout layouts/application.html.erb (Duration: 6.7ms | Allocations: 3486)
Completed 200 OK in 8ms (Views: 7.5ms | ActiveRecord: 0.1ms | Allocations: 3812)


Started GET "/emails/5" for 127.0.0.1 at 2023-06-01 13:51:08 +0200
Processing by EmailsController#show as HTML
  Parameters: {"id"=>"5"}
  [1m[36mEmail Load (0.1ms)[0m  [1m[34mSELECT "emails".* FROM "emails" WHERE "emails"."id" = ? LIMIT ?[0m  [["id", 5], ["LIMIT", 1]]
  ↳ app/controllers/emails_controller.rb:19:in `show'
Redirected to http://127.0.0.1:3000/
Completed 302 Found in 2ms (ActiveRecord: 0.1ms | Allocations: 661)


Started GET "/" for 127.0.0.1 at 2023-06-01 13:51:08 +0200
Processing by EmailsController#index as HTML
  Rendering layout layouts/application.html.erb
  Rendering emails/index.html.erb within layouts/application
  [1m[36mEmail Load (0.1ms)[0m  [1m[34mSELECT "emails".* FROM "emails"[0m
  ↳ app/views/emails/index.html.erb:5
  Rendered emails/index.html.erb within layouts/application (Duration: 1.9ms | Allocations: 822)
  Rendered layout layouts/application.html.erb (Duration: 5.7ms | Allocations: 3478)
Completed 200 OK in 7ms (Views: 6.4ms | ActiveRecord: 0.1ms | Allocations: 3804)


Started GET "/emails/5" for 127.0.0.1 at 2023-06-01 13:51:10 +0200
Processing by EmailsController#show as HTML
  Parameters: {"id"=>"5"}
  [1m[36mEmail Load (0.1ms)[0m  [1m[34mSELECT "emails".* FROM "emails" WHERE "emails"."id" = ? LIMIT ?[0m  [["id", 5], ["LIMIT", 1]]
  ↳ app/controllers/emails_controller.rb:19:in `show'
Redirected to http://127.0.0.1:3000/
Completed 302 Found in 2ms (ActiveRecord: 0.1ms | Allocations: 661)


Started GET "/" for 127.0.0.1 at 2023-06-01 13:51:10 +0200
Processing by EmailsController#index as HTML
  Rendering layout layouts/application.html.erb
  Rendering emails/index.html.erb within layouts/application
  [1m[36mEmail Load (0.1ms)[0m  [1m[34mSELECT "emails".* FROM "emails"[0m
  ↳ app/views/emails/index.html.erb:5
  Rendered emails/index.html.erb within layouts/application (Duration: 2.5ms | Allocations: 822)
  Rendered layout layouts/application.html.erb (Duration: 6.3ms | Allocations: 3486)
Completed 200 OK in 8ms (Views: 6.8ms | ActiveRecord: 0.1ms | Allocations: 3812)


Started GET "/emails/3" for 127.0.0.1 at 2023-06-01 13:51:10 +0200
Processing by EmailsController#show as HTML
  Parameters: {"id"=>"3"}
  [1m[36mEmail Load (0.1ms)[0m  [1m[34mSELECT "emails".* FROM "emails" WHERE "emails"."id" = ? LIMIT ?[0m  [["id", 3], ["LIMIT", 1]]
  ↳ app/controllers/emails_controller.rb:19:in `show'
Redirected to http://127.0.0.1:3000/
Completed 302 Found in 2ms (ActiveRecord: 0.1ms | Allocations: 661)


Started GET "/" for 127.0.0.1 at 2023-06-01 13:51:10 +0200
Processing by EmailsController#index as HTML
  Rendering layout layouts/application.html.erb
  Rendering emails/index.html.erb within layouts/application
  [1m[36mEmail Load (0.1ms)[0m  [1m[34mSELECT "emails".* FROM "emails"[0m
  ↳ app/views/emails/index.html.erb:5
  Rendered emails/index.html.erb within layouts/application (Duration: 2.6ms | Allocations: 822)
  Rendered layout layouts/application.html.erb (Duration: 7.0ms | Allocations: 3484)
Completed 200 OK in 8ms (Views: 7.6ms | ActiveRecord: 0.1ms | Allocations: 3810)


Started GET "/emails/4" for 127.0.0.1 at 2023-06-01 13:51:10 +0200
Processing by EmailsController#show as HTML
  Parameters: {"id"=>"4"}
  [1m[36mEmail Load (0.1ms)[0m  [1m[34mSELECT "emails".* FROM "emails" WHERE "emails"."id" = ? LIMIT ?[0m  [["id", 4], ["LIMIT", 1]]
  ↳ app/controllers/emails_controller.rb:19:in `show'
Redirected to http://127.0.0.1:3000/
Completed 302 Found in 2ms (ActiveRecord: 0.1ms | Allocations: 661)


Started GET "/" for 127.0.0.1 at 2023-06-01 13:51:10 +0200
Processing by EmailsController#index as HTML
  Rendering layout layouts/application.html.erb
  Rendering emails/index.html.erb within layouts/application
  [1m[36mEmail Load (0.1ms)[0m  [1m[34mSELECT "emails".* FROM "emails"[0m
  ↳ app/views/emails/index.html.erb:5
  Rendered emails/index.html.erb within layouts/application (Duration: 2.0ms | Allocations: 822)
  Rendered layout layouts/application.html.erb (Duration: 6.9ms | Allocations: 3486)
Completed 200 OK in 8ms (Views: 7.5ms | ActiveRecord: 0.1ms | Allocations: 3812)


Started GET "/emails/2" for 127.0.0.1 at 2023-06-01 13:51:11 +0200
Processing by EmailsController#show as HTML
  Parameters: {"id"=>"2"}
  [1m[36mEmail Load (0.1ms)[0m  [1m[34mSELECT "emails".* FROM "emails" WHERE "emails"."id" = ? LIMIT ?[0m  [["id", 2], ["LIMIT", 1]]
  ↳ app/controllers/emails_controller.rb:19:in `show'
Redirected to http://127.0.0.1:3000/
Completed 302 Found in 2ms (ActiveRecord: 0.1ms | Allocations: 661)


Started GET "/" for 127.0.0.1 at 2023-06-01 13:51:11 +0200
Processing by EmailsController#index as HTML
  Rendering layout layouts/application.html.erb
  Rendering emails/index.html.erb within layouts/application
  [1m[36mEmail Load (0.1ms)[0m  [1m[34mSELECT "emails".* FROM "emails"[0m
  ↳ app/views/emails/index.html.erb:5
  Rendered emails/index.html.erb within layouts/application (Duration: 2.2ms | Allocations: 822)
  Rendered layout layouts/application.html.erb (Duration: 8.1ms | Allocations: 3478)
Completed 200 OK in 9ms (Views: 8.8ms | ActiveRecord: 0.1ms | Allocations: 3804)


Started GET "/emails/1" for 127.0.0.1 at 2023-06-01 13:51:11 +0200
Processing by EmailsController#show as HTML
  Parameters: {"id"=>"1"}
  [1m[36mEmail Load (0.1ms)[0m  [1m[34mSELECT "emails".* FROM "emails" WHERE "emails"."id" = ? LIMIT ?[0m  [["id", 1], ["LIMIT", 1]]
  ↳ app/controllers/emails_controller.rb:19:in `show'
Redirected to http://127.0.0.1:3000/
Completed 302 Found in 2ms (ActiveRecord: 0.1ms | Allocations: 661)


Started GET "/" for 127.0.0.1 at 2023-06-01 13:51:11 +0200
Processing by EmailsController#index as HTML
  Rendering layout layouts/application.html.erb
  Rendering emails/index.html.erb within layouts/application
  [1m[36mEmail Load (0.1ms)[0m  [1m[34mSELECT "emails".* FROM "emails"[0m
  ↳ app/views/emails/index.html.erb:5
  Rendered emails/index.html.erb within layouts/application (Duration: 2.6ms | Allocations: 822)
  Rendered layout layouts/application.html.erb (Duration: 7.0ms | Allocations: 3490)
Completed 200 OK in 8ms (Views: 7.5ms | ActiveRecord: 0.1ms | Allocations: 3816)


Started GET "/emails/1" for 127.0.0.1 at 2023-06-01 13:51:13 +0200
Processing by EmailsController#show as HTML
  Parameters: {"id"=>"1"}
  [1m[36mEmail Load (0.1ms)[0m  [1m[34mSELECT "emails".* FROM "emails" WHERE "emails"."id" = ? LIMIT ?[0m  [["id", 1], ["LIMIT", 1]]
  ↳ app/controllers/emails_controller.rb:19:in `show'
Redirected to http://127.0.0.1:3000/
Completed 302 Found in 2ms (ActiveRecord: 0.1ms | Allocations: 661)


Started GET "/" for 127.0.0.1 at 2023-06-01 13:51:13 +0200
Processing by EmailsController#index as HTML
  Rendering layout layouts/application.html.erb
  Rendering emails/index.html.erb within layouts/application
  [1m[36mEmail Load (0.1ms)[0m  [1m[34mSELECT "emails".* FROM "emails"[0m
  ↳ app/views/emails/index.html.erb:5
  Rendered emails/index.html.erb within layouts/application (Duration: 1.9ms | Allocations: 822)
  Rendered layout layouts/application.html.erb (Duration: 7.0ms | Allocations: 3480)
Completed 200 OK in 9ms (Views: 7.9ms | ActiveRecord: 0.1ms | Allocations: 3806)


Started GET "/emails/2" for 127.0.0.1 at 2023-06-01 13:51:13 +0200
Processing by EmailsController#show as HTML
  Parameters: {"id"=>"2"}
  [1m[36mEmail Load (0.1ms)[0m  [1m[34mSELECT "emails".* FROM "emails" WHERE "emails"."id" = ? LIMIT ?[0m  [["id", 2], ["LIMIT", 1]]
  ↳ app/controllers/emails_controller.rb:19:in `show'
Redirected to http://127.0.0.1:3000/
Completed 302 Found in 5ms (ActiveRecord: 0.1ms | Allocations: 661)


Started GET "/" for 127.0.0.1 at 2023-06-01 13:51:13 +0200
Processing by EmailsController#index as HTML
  Rendering layout layouts/application.html.erb
  Rendering emails/index.html.erb within layouts/application
  [1m[36mEmail Load (0.1ms)[0m  [1m[34mSELECT "emails".* FROM "emails"[0m
  ↳ app/views/emails/index.html.erb:5
  Rendered emails/index.html.erb within layouts/application (Duration: 2.7ms | Allocations: 822)
  Rendered layout layouts/application.html.erb (Duration: 8.0ms | Allocations: 3482)
Completed 200 OK in 10ms (Views: 9.4ms | ActiveRecord: 0.1ms | Allocations: 3808)


Started GET "/emails/3" for 127.0.0.1 at 2023-06-01 13:51:14 +0200
Processing by EmailsController#show as HTML
  Parameters: {"id"=>"3"}
  [1m[36mEmail Load (0.1ms)[0m  [1m[34mSELECT "emails".* FROM "emails" WHERE "emails"."id" = ? LIMIT ?[0m  [["id", 3], ["LIMIT", 1]]
  ↳ app/controllers/emails_controller.rb:19:in `show'
Redirected to http://127.0.0.1:3000/
Completed 302 Found in 3ms (ActiveRecord: 0.1ms | Allocations: 661)


Started GET "/" for 127.0.0.1 at 2023-06-01 13:51:14 +0200
Processing by EmailsController#index as HTML
  Rendering layout layouts/application.html.erb
  Rendering emails/index.html.erb within layouts/application
  [1m[36mEmail Load (0.1ms)[0m  [1m[34mSELECT "emails".* FROM "emails"[0m
  ↳ app/views/emails/index.html.erb:5
  Rendered emails/index.html.erb within layouts/application (Duration: 2.8ms | Allocations: 822)
  Rendered layout layouts/application.html.erb (Duration: 7.2ms | Allocations: 3484)
Completed 200 OK in 9ms (Views: 8.4ms | ActiveRecord: 0.1ms | Allocations: 3810)


Started GET "/emails/4" for 127.0.0.1 at 2023-06-01 13:51:14 +0200
Processing by EmailsController#show as HTML
  Parameters: {"id"=>"4"}
  [1m[36mEmail Load (0.2ms)[0m  [1m[34mSELECT "emails".* FROM "emails" WHERE "emails"."id" = ? LIMIT ?[0m  [["id", 4], ["LIMIT", 1]]
  ↳ app/controllers/emails_controller.rb:19:in `show'
Redirected to http://127.0.0.1:3000/
Completed 302 Found in 3ms (ActiveRecord: 0.2ms | Allocations: 661)


Started GET "/" for 127.0.0.1 at 2023-06-01 13:51:14 +0200
Processing by EmailsController#index as HTML
  Rendering layout layouts/application.html.erb
  Rendering emails/index.html.erb within layouts/application
  [1m[36mEmail Load (0.1ms)[0m  [1m[34mSELECT "emails".* FROM "emails"[0m
  ↳ app/views/emails/index.html.erb:5
  Rendered emails/index.html.erb within layouts/application (Duration: 2.3ms | Allocations: 822)
  Rendered layout layouts/application.html.erb (Duration: 6.9ms | Allocations: 3486)
Completed 200 OK in 9ms (Views: 8.7ms | ActiveRecord: 0.1ms | Allocations: 3812)


Started GET "/emails/4" for 127.0.0.1 at 2023-06-01 13:51:15 +0200
Processing by EmailsController#show as HTML
  Parameters: {"id"=>"4"}
  [1m[36mEmail Load (0.1ms)[0m  [1m[34mSELECT "emails".* FROM "emails" WHERE "emails"."id" = ? LIMIT ?[0m  [["id", 4], ["LIMIT", 1]]
  ↳ app/controllers/emails_controller.rb:19:in `show'
Redirected to http://127.0.0.1:3000/
Completed 302 Found in 3ms (ActiveRecord: 0.1ms | Allocations: 661)


Started GET "/" for 127.0.0.1 at 2023-06-01 13:51:15 +0200
Processing by EmailsController#index as HTML
  Rendering layout layouts/application.html.erb
  Rendering emails/index.html.erb within layouts/application
  [1m[36mEmail Load (0.1ms)[0m  [1m[34mSELECT "emails".* FROM "emails"[0m
  ↳ app/views/emails/index.html.erb:5
  Rendered emails/index.html.erb within layouts/application (Duration: 4.1ms | Allocations: 822)
  Rendered layout layouts/application.html.erb (Duration: 8.7ms | Allocations: 3480)
Completed 200 OK in 10ms (Views: 9.9ms | ActiveRecord: 0.1ms | Allocations: 3806)


Started GET "/emails/5" for 127.0.0.1 at 2023-06-01 13:51:15 +0200
Processing by EmailsController#show as HTML
  Parameters: {"id"=>"5"}
  [1m[36mEmail Load (0.1ms)[0m  [1m[34mSELECT "emails".* FROM "emails" WHERE "emails"."id" = ? LIMIT ?[0m  [["id", 5], ["LIMIT", 1]]
  ↳ app/controllers/emails_controller.rb:19:in `show'
Redirected to http://127.0.0.1:3000/
Completed 302 Found in 5ms (ActiveRecord: 0.1ms | Allocations: 661)


Started GET "/" for 127.0.0.1 at 2023-06-01 13:51:15 +0200
Processing by EmailsController#index as HTML
  Rendering layout layouts/application.html.erb
  Rendering emails/index.html.erb within layouts/application
  [1m[36mEmail Load (0.1ms)[0m  [1m[34mSELECT "emails".* FROM "emails"[0m
  ↳ app/views/emails/index.html.erb:5
  Rendered emails/index.html.erb within layouts/application (Duration: 4.0ms | Allocations: 822)
  Rendered layout layouts/application.html.erb (Duration: 9.2ms | Allocations: 3486)
Completed 200 OK in 11ms (Views: 10.8ms | ActiveRecord: 0.1ms | Allocations: 3812)


Started GET "/emails/4" for 127.0.0.1 at 2023-06-01 13:51:16 +0200
Processing by EmailsController#show as HTML
  Parameters: {"id"=>"4"}
  [1m[36mEmail Load (0.4ms)[0m  [1m[34mSELECT "emails".* FROM "emails" WHERE "emails"."id" = ? LIMIT ?[0m  [["id", 4], ["LIMIT", 1]]
  ↳ app/controllers/emails_controller.rb:19:in `show'
Redirected to http://127.0.0.1:3000/
Completed 302 Found in 4ms (ActiveRecord: 0.4ms | Allocations: 661)


Started GET "/" for 127.0.0.1 at 2023-06-01 13:51:16 +0200
Processing by EmailsController#index as HTML
  Rendering layout layouts/application.html.erb
  Rendering emails/index.html.erb within layouts/application
  [1m[36mEmail Load (0.5ms)[0m  [1m[34mSELECT "emails".* FROM "emails"[0m
  ↳ app/views/emails/index.html.erb:5
  Rendered emails/index.html.erb within layouts/application (Duration: 2.2ms | Allocations: 822)
  Rendered layout layouts/application.html.erb (Duration: 7.9ms | Allocations: 3492)
Completed 200 OK in 14ms (Views: 12.9ms | ActiveRecord: 0.5ms | Allocations: 3818)


Started GET "/emails/2" for 127.0.0.1 at 2023-06-01 13:51:16 +0200
Processing by EmailsController#show as HTML
  Parameters: {"id"=>"2"}
  [1m[36mEmail Load (0.1ms)[0m  [1m[34mSELECT "emails".* FROM "emails" WHERE "emails"."id" = ? LIMIT ?[0m  [["id", 2], ["LIMIT", 1]]
  ↳ app/controllers/emails_controller.rb:19:in `show'
Redirected to http://127.0.0.1:3000/
Completed 302 Found in 5ms (ActiveRecord: 0.1ms | Allocations: 661)


Started GET "/" for 127.0.0.1 at 2023-06-01 13:51:16 +0200
Processing by EmailsController#index as HTML
  Rendering layout layouts/application.html.erb
  Rendering emails/index.html.erb within layouts/application
  [1m[36mEmail Load (0.1ms)[0m  [1m[34mSELECT "emails".* FROM "emails"[0m
  ↳ app/views/emails/index.html.erb:5
  Rendered emails/index.html.erb within layouts/application (Duration: 2.9ms | Allocations: 822)
  Rendered layout layouts/application.html.erb (Duration: 8.2ms | Allocations: 3482)
Completed 200 OK in 11ms (Views: 10.0ms | ActiveRecord: 0.1ms | Allocations: 3808)


Started GET "/emails/3" for 127.0.0.1 at 2023-06-01 13:51:16 +0200
Processing by EmailsController#show as HTML
  Parameters: {"id"=>"3"}
  [1m[36mEmail Load (0.1ms)[0m  [1m[34mSELECT "emails".* FROM "emails" WHERE "emails"."id" = ? LIMIT ?[0m  [["id", 3], ["LIMIT", 1]]
  ↳ app/controllers/emails_controller.rb:19:in `show'
Redirected to http://127.0.0.1:3000/
Completed 302 Found in 4ms (ActiveRecord: 0.1ms | Allocations: 661)


Started GET "/" for 127.0.0.1 at 2023-06-01 13:51:16 +0200
Processing by EmailsController#index as HTML
  Rendering layout layouts/application.html.erb
  Rendering emails/index.html.erb within layouts/application
  [1m[36mEmail Load (0.1ms)[0m  [1m[34mSELECT "emails".* FROM "emails"[0m
  ↳ app/views/emails/index.html.erb:5
  Rendered emails/index.html.erb within layouts/application (Duration: 2.0ms | Allocations: 822)
  Rendered layout layouts/application.html.erb (Duration: 6.6ms | Allocations: 3486)
Completed 200 OK in 10ms (Views: 9.1ms | ActiveRecord: 0.1ms | Allocations: 3812)


Started GET "/emails/2" for 127.0.0.1 at 2023-06-01 13:51:17 +0200
Processing by EmailsController#show as HTML
  Parameters: {"id"=>"2"}
  [1m[36mEmail Load (0.1ms)[0m  [1m[34mSELECT "emails".* FROM "emails" WHERE "emails"."id" = ? LIMIT ?[0m  [["id", 2], ["LIMIT", 1]]
  ↳ app/controllers/emails_controller.rb:19:in `show'
Redirected to http://127.0.0.1:3000/
Completed 302 Found in 2ms (ActiveRecord: 0.1ms | Allocations: 661)


Started GET "/" for 127.0.0.1 at 2023-06-01 13:51:17 +0200
Processing by EmailsController#index as HTML
  Rendering layout layouts/application.html.erb
  Rendering emails/index.html.erb within layouts/application
  [1m[36mEmail Load (0.1ms)[0m  [1m[34mSELECT "emails".* FROM "emails"[0m
  ↳ app/views/emails/index.html.erb:5
  Rendered emails/index.html.erb within layouts/application (Duration: 2.5ms | Allocations: 822)
  Rendered layout layouts/application.html.erb (Duration: 7.7ms | Allocations: 3486)
Completed 200 OK in 10ms (Views: 9.2ms | ActiveRecord: 0.1ms | Allocations: 3812)


Started GET "/emails/2" for 127.0.0.1 at 2023-06-01 13:51:17 +0200
Processing by EmailsController#show as HTML
  Parameters: {"id"=>"2"}
  [1m[36mEmail Load (0.1ms)[0m  [1m[34mSELECT "emails".* FROM "emails" WHERE "emails"."id" = ? LIMIT ?[0m  [["id", 2], ["LIMIT", 1]]
  ↳ app/controllers/emails_controller.rb:19:in `show'
Redirected to http://127.0.0.1:3000/
Completed 302 Found in 2ms (ActiveRecord: 0.1ms | Allocations: 661)


Started GET "/" for 127.0.0.1 at 2023-06-01 13:51:17 +0200
Processing by EmailsController#index as HTML
  Rendering layout layouts/application.html.erb
  Rendering emails/index.html.erb within layouts/application
  [1m[36mEmail Load (0.1ms)[0m  [1m[34mSELECT "emails".* FROM "emails"[0m
  ↳ app/views/emails/index.html.erb:5
  Rendered emails/index.html.erb within layouts/application (Duration: 2.9ms | Allocations: 822)
  Rendered layout layouts/application.html.erb (Duration: 8.0ms | Allocations: 3478)
Completed 200 OK in 10ms (Views: 9.3ms | ActiveRecord: 0.1ms | Allocations: 3804)


Started GET "/emails/1" for 127.0.0.1 at 2023-06-01 13:51:17 +0200
Processing by EmailsController#show as HTML
  Parameters: {"id"=>"1"}
  [1m[36mEmail Load (0.2ms)[0m  [1m[34mSELECT "emails".* FROM "emails" WHERE "emails"."id" = ? LIMIT ?[0m  [["id", 1], ["LIMIT", 1]]
  ↳ app/controllers/emails_controller.rb:19:in `show'
Redirected to http://127.0.0.1:3000/
Completed 302 Found in 2ms (ActiveRecord: 0.2ms | Allocations: 661)


Started GET "/" for 127.0.0.1 at 2023-06-01 13:51:17 +0200
Processing by EmailsController#index as HTML
  Rendering layout layouts/application.html.erb
  Rendering emails/index.html.erb within layouts/application
  [1m[36mEmail Load (0.2ms)[0m  [1m[34mSELECT "emails".* FROM "emails"[0m
  ↳ app/views/emails/index.html.erb:5
  Rendered emails/index.html.erb within layouts/application (Duration: 3.0ms | Allocations: 822)
  Rendered layout layouts/application.html.erb (Duration: 8.2ms | Allocations: 3486)
Completed 200 OK in 11ms (Views: 10.4ms | ActiveRecord: 0.2ms | Allocations: 3812)


Started GET "/emails/2" for 127.0.0.1 at 2023-06-01 13:51:18 +0200
Processing by EmailsController#show as HTML
  Parameters: {"id"=>"2"}
  [1m[36mEmail Load (0.1ms)[0m  [1m[34mSELECT "emails".* FROM "emails" WHERE "emails"."id" = ? LIMIT ?[0m  [["id", 2], ["LIMIT", 1]]
  ↳ app/controllers/emails_controller.rb:19:in `show'
Redirected to http://127.0.0.1:3000/
Completed 302 Found in 3ms (ActiveRecord: 0.1ms | Allocations: 661)


Started GET "/" for 127.0.0.1 at 2023-06-01 13:51:18 +0200
Processing by EmailsController#index as HTML
  Rendering layout layouts/application.html.erb
  Rendering emails/index.html.erb within layouts/application
  [1m[36mEmail Load (0.1ms)[0m  [1m[34mSELECT "emails".* FROM "emails"[0m
  ↳ app/views/emails/index.html.erb:5
  Rendered emails/index.html.erb within layouts/application (Duration: 2.4ms | Allocations: 822)
  Rendered layout layouts/application.html.erb (Duration: 11.9ms | Allocations: 3499)
Completed 200 OK in 13ms (Views: 12.8ms | ActiveRecord: 0.1ms | Allocations: 3825)


Started GET "/emails/4" for 127.0.0.1 at 2023-06-01 13:51:18 +0200
Processing by EmailsController#show as HTML
  Parameters: {"id"=>"4"}
  [1m[36mEmail Load (0.1ms)[0m  [1m[34mSELECT "emails".* FROM "emails" WHERE "emails"."id" = ? LIMIT ?[0m  [["id", 4], ["LIMIT", 1]]
  ↳ app/controllers/emails_controller.rb:19:in `show'
Redirected to http://127.0.0.1:3000/
Completed 302 Found in 3ms (ActiveRecord: 0.1ms | Allocations: 661)


Started GET "/" for 127.0.0.1 at 2023-06-01 13:51:18 +0200
Processing by EmailsController#index as HTML
  Rendering layout layouts/application.html.erb
  Rendering emails/index.html.erb within layouts/application
  [1m[36mEmail Load (0.1ms)[0m  [1m[34mSELECT "emails".* FROM "emails"[0m
  ↳ app/views/emails/index.html.erb:5
  Rendered emails/index.html.erb within layouts/application (Duration: 4.4ms | Allocations: 822)
  Rendered layout layouts/application.html.erb (Duration: 10.7ms | Allocations: 3488)
Completed 200 OK in 13ms (Views: 12.3ms | ActiveRecord: 0.1ms | Allocations: 3814)


Started GET "/emails/2" for 127.0.0.1 at 2023-06-01 13:51:18 +0200
Processing by EmailsController#show as HTML
  Parameters: {"id"=>"2"}
  [1m[36mEmail Load (0.1ms)[0m  [1m[34mSELECT "emails".* FROM "emails" WHERE "emails"."id" = ? LIMIT ?[0m  [["id", 2], ["LIMIT", 1]]
  ↳ app/controllers/emails_controller.rb:19:in `show'
Redirected to http://127.0.0.1:3000/
Completed 302 Found in 3ms (ActiveRecord: 0.1ms | Allocations: 661)


Started GET "/" for 127.0.0.1 at 2023-06-01 13:51:18 +0200
Processing by EmailsController#index as HTML
  Rendering layout layouts/application.html.erb
  Rendering emails/index.html.erb within layouts/application
  [1m[36mEmail Load (0.1ms)[0m  [1m[34mSELECT "emails".* FROM "emails"[0m
  ↳ app/views/emails/index.html.erb:5
  Rendered emails/index.html.erb within layouts/application (Duration: 3.3ms | Allocations: 822)
  Rendered layout layouts/application.html.erb (Duration: 8.7ms | Allocations: 3480)
Completed 200 OK in 10ms (Views: 9.9ms | ActiveRecord: 0.1ms | Allocations: 3806)


Started GET "/emails/2" for 127.0.0.1 at 2023-06-01 13:51:19 +0200
Processing by EmailsController#show as HTML
  Parameters: {"id"=>"2"}
  [1m[36mEmail Load (0.2ms)[0m  [1m[34mSELECT "emails".* FROM "emails" WHERE "emails"."id" = ? LIMIT ?[0m  [["id", 2], ["LIMIT", 1]]
  ↳ app/controllers/emails_controller.rb:19:in `show'
Redirected to http://127.0.0.1:3000/
Completed 302 Found in 3ms (ActiveRecord: 0.2ms | Allocations: 661)


Started GET "/" for 127.0.0.1 at 2023-06-01 13:51:19 +0200
Processing by EmailsController#index as HTML
  Rendering layout layouts/application.html.erb
  Rendering emails/index.html.erb within layouts/application
  [1m[36mEmail Load (0.1ms)[0m  [1m[34mSELECT "emails".* FROM "emails"[0m
  ↳ app/views/emails/index.html.erb:5
  Rendered emails/index.html.erb within layouts/application (Duration: 4.9ms | Allocations: 822)
  Rendered layout layouts/application.html.erb (Duration: 14.6ms | Allocations: 3484)
Completed 200 OK in 16ms (Views: 15.2ms | ActiveRecord: 0.1ms | Allocations: 3810)


Started GET "/emails/4" for 127.0.0.1 at 2023-06-01 13:51:31 +0200
Processing by EmailsController#show as HTML
  Parameters: {"id"=>"4"}
  [1m[36mEmail Load (0.1ms)[0m  [1m[34mSELECT "emails".* FROM "emails" WHERE "emails"."id" = ? LIMIT ?[0m  [["id", 4], ["LIMIT", 1]]
  ↳ app/controllers/emails_controller.rb:19:in `show'
Redirected to http://127.0.0.1:3000/
Completed 302 Found in 4ms (ActiveRecord: 0.1ms | Allocations: 661)


Started GET "/" for 127.0.0.1 at 2023-06-01 13:51:31 +0200
Processing by EmailsController#index as HTML
  Rendering layout layouts/application.html.erb
  Rendering emails/index.html.erb within layouts/application
  [1m[36mEmail Load (0.2ms)[0m  [1m[34mSELECT "emails".* FROM "emails"[0m
  ↳ app/views/emails/index.html.erb:5
  Rendered emails/index.html.erb within layouts/application (Duration: 1.9ms | Allocations: 822)
  Rendered layout layouts/application.html.erb (Duration: 5.7ms | Allocations: 3496)
Completed 200 OK in 10ms (Views: 8.7ms | ActiveRecord: 0.2ms | Allocations: 3820)


Started GET "/emails/1" for 127.0.0.1 at 2023-06-01 13:51:32 +0200
Processing by EmailsController#show as HTML
  Parameters: {"id"=>"1"}
  [1m[36mEmail Load (0.1ms)[0m  [1m[34mSELECT "emails".* FROM "emails" WHERE "emails"."id" = ? LIMIT ?[0m  [["id", 1], ["LIMIT", 1]]
  ↳ app/controllers/emails_controller.rb:19:in `show'
Redirected to http://127.0.0.1:3000/
Completed 302 Found in 2ms (ActiveRecord: 0.1ms | Allocations: 661)


Started GET "/" for 127.0.0.1 at 2023-06-01 13:51:32 +0200
Processing by EmailsController#index as HTML
  Rendering layout layouts/application.html.erb
  Rendering emails/index.html.erb within layouts/application
  [1m[36mEmail Load (0.1ms)[0m  [1m[34mSELECT "emails".* FROM "emails"[0m
  ↳ app/views/emails/index.html.erb:5
  Rendered emails/index.html.erb within layouts/application (Duration: 2.8ms | Allocations: 822)
  Rendered layout layouts/application.html.erb (Duration: 7.1ms | Allocations: 3484)
Completed 200 OK in 8ms (Views: 7.6ms | ActiveRecord: 0.1ms | Allocations: 3810)


Started GET "/emails/2" for 127.0.0.1 at 2023-06-01 13:51:33 +0200
Processing by EmailsController#show as HTML
  Parameters: {"id"=>"2"}
  [1m[36mEmail Load (0.1ms)[0m  [1m[34mSELECT "emails".* FROM "emails" WHERE "emails"."id" = ? LIMIT ?[0m  [["id", 2], ["LIMIT", 1]]
  ↳ app/controllers/emails_controller.rb:19:in `show'
Redirected to http://127.0.0.1:3000/
Completed 302 Found in 2ms (ActiveRecord: 0.1ms | Allocations: 661)


Started GET "/" for 127.0.0.1 at 2023-06-01 13:51:33 +0200
Processing by EmailsController#index as HTML
  Rendering layout layouts/application.html.erb
  Rendering emails/index.html.erb within layouts/application
  [1m[36mEmail Load (0.1ms)[0m  [1m[34mSELECT "emails".* FROM "emails"[0m
  ↳ app/views/emails/index.html.erb:5
  Rendered emails/index.html.erb within layouts/application (Duration: 2.1ms | Allocations: 822)
  Rendered layout layouts/application.html.erb (Duration: 6.7ms | Allocations: 3488)
Completed 200 OK in 8ms (Views: 7.3ms | ActiveRecord: 0.1ms | Allocations: 3814)


Started GET "/emails/2" for 127.0.0.1 at 2023-06-01 13:51:33 +0200
Processing by EmailsController#show as HTML
  Parameters: {"id"=>"2"}
  [1m[36mEmail Load (0.1ms)[0m  [1m[34mSELECT "emails".* FROM "emails" WHERE "emails"."id" = ? LIMIT ?[0m  [["id", 2], ["LIMIT", 1]]
  ↳ app/controllers/emails_controller.rb:19:in `show'
Redirected to http://127.0.0.1:3000/
Completed 302 Found in 3ms (ActiveRecord: 0.1ms | Allocations: 661)


Started GET "/" for 127.0.0.1 at 2023-06-01 13:51:33 +0200
Processing by EmailsController#index as HTML
  Rendering layout layouts/application.html.erb
  Rendering emails/index.html.erb within layouts/application
  [1m[36mEmail Load (0.1ms)[0m  [1m[34mSELECT "emails".* FROM "emails"[0m
  ↳ app/views/emails/index.html.erb:5
  Rendered emails/index.html.erb within layouts/application (Duration: 2.1ms | Allocations: 822)
  Rendered layout layouts/application.html.erb (Duration: 7.1ms | Allocations: 3480)
Completed 200 OK in 8ms (Views: 7.6ms | ActiveRecord: 0.1ms | Allocations: 3806)


Started GET "/emails/3" for 127.0.0.1 at 2023-06-01 13:51:34 +0200
Processing by EmailsController#show as HTML
  Parameters: {"id"=>"3"}
  [1m[36mEmail Load (0.1ms)[0m  [1m[34mSELECT "emails".* FROM "emails" WHERE "emails"."id" = ? LIMIT ?[0m  [["id", 3], ["LIMIT", 1]]
  ↳ app/controllers/emails_controller.rb:19:in `show'
Redirected to http://127.0.0.1:3000/
Completed 302 Found in 2ms (ActiveRecord: 0.1ms | Allocations: 661)


Started GET "/" for 127.0.0.1 at 2023-06-01 13:51:34 +0200
Processing by EmailsController#index as HTML
  Rendering layout layouts/application.html.erb
  Rendering emails/index.html.erb within layouts/application
  [1m[36mEmail Load (0.1ms)[0m  [1m[34mSELECT "emails".* FROM "emails"[0m
  ↳ app/views/emails/index.html.erb:5
  Rendered emails/index.html.erb within layouts/application (Duration: 1.9ms | Allocations: 822)
  Rendered layout layouts/application.html.erb (Duration: 6.1ms | Allocations: 3500)
Completed 200 OK in 7ms (Views: 6.6ms | ActiveRecord: 0.1ms | Allocations: 3826)


Started GET "/emails/5" for 127.0.0.1 at 2023-06-01 13:51:34 +0200
Processing by EmailsController#show as HTML
  Parameters: {"id"=>"5"}
  [1m[36mEmail Load (0.1ms)[0m  [1m[34mSELECT "emails".* FROM "emails" WHERE "emails"."id" = ? LIMIT ?[0m  [["id", 5], ["LIMIT", 1]]
  ↳ app/controllers/emails_controller.rb:19:in `show'
Redirected to http://127.0.0.1:3000/
Completed 302 Found in 2ms (ActiveRecord: 0.1ms | Allocations: 661)


Started GET "/" for 127.0.0.1 at 2023-06-01 13:51:34 +0200
Processing by EmailsController#index as HTML
  Rendering layout layouts/application.html.erb
  Rendering emails/index.html.erb within layouts/application
  [1m[36mEmail Load (0.1ms)[0m  [1m[34mSELECT "emails".* FROM "emails"[0m
  ↳ app/views/emails/index.html.erb:5
  Rendered emails/index.html.erb within layouts/application (Duration: 2.0ms | Allocations: 822)
  Rendered layout layouts/application.html.erb (Duration: 5.8ms | Allocations: 3484)
Completed 200 OK in 7ms (Views: 6.2ms | ActiveRecord: 0.1ms | Allocations: 3810)


Started GET "/emails/5" for 127.0.0.1 at 2023-06-01 13:51:35 +0200
Processing by EmailsController#show as HTML
  Parameters: {"id"=>"5"}
  [1m[36mEmail Load (0.1ms)[0m  [1m[34mSELECT "emails".* FROM "emails" WHERE "emails"."id" = ? LIMIT ?[0m  [["id", 5], ["LIMIT", 1]]
  ↳ app/controllers/emails_controller.rb:19:in `show'
Redirected to http://127.0.0.1:3000/
Completed 302 Found in 4ms (ActiveRecord: 0.1ms | Allocations: 661)


Started GET "/" for 127.0.0.1 at 2023-06-01 13:51:35 +0200
Processing by EmailsController#index as HTML
  Rendering layout layouts/application.html.erb
  Rendering emails/index.html.erb within layouts/application
  [1m[36mEmail Load (0.1ms)[0m  [1m[34mSELECT "emails".* FROM "emails"[0m
  ↳ app/views/emails/index.html.erb:5
  Rendered emails/index.html.erb within layouts/application (Duration: 2.0ms | Allocations: 822)
  Rendered layout layouts/application.html.erb (Duration: 6.8ms | Allocations: 3474)
Completed 200 OK in 8ms (Views: 7.8ms | ActiveRecord: 0.1ms | Allocations: 3801)


Started GET "/emails/4" for 127.0.0.1 at 2023-06-01 13:51:35 +0200
Processing by EmailsController#show as HTML
  Parameters: {"id"=>"4"}
  [1m[36mEmail Load (0.1ms)[0m  [1m[34mSELECT "emails".* FROM "emails" WHERE "emails"."id" = ? LIMIT ?[0m  [["id", 4], ["LIMIT", 1]]
  ↳ app/controllers/emails_controller.rb:19:in `show'
Redirected to http://127.0.0.1:3000/
Completed 302 Found in 2ms (ActiveRecord: 0.1ms | Allocations: 661)


Started GET "/" for 127.0.0.1 at 2023-06-01 13:51:35 +0200
Processing by EmailsController#index as HTML
  Rendering layout layouts/application.html.erb
  Rendering emails/index.html.erb within layouts/application
  [1m[36mEmail Load (0.1ms)[0m  [1m[34mSELECT "emails".* FROM "emails"[0m
  ↳ app/views/emails/index.html.erb:5
  Rendered emails/index.html.erb within layouts/application (Duration: 2.6ms | Allocations: 822)
  Rendered layout layouts/application.html.erb (Duration: 8.6ms | Allocations: 3480)
Completed 200 OK in 11ms (Views: 10.5ms | ActiveRecord: 0.1ms | Allocations: 3806)


Started GET "/emails/4" for 127.0.0.1 at 2023-06-01 13:51:36 +0200
Processing by EmailsController#show as HTML
  Parameters: {"id"=>"4"}
  [1m[36mEmail Load (0.1ms)[0m  [1m[34mSELECT "emails".* FROM "emails" WHERE "emails"."id" = ? LIMIT ?[0m  [["id", 4], ["LIMIT", 1]]
  ↳ app/controllers/emails_controller.rb:19:in `show'
Redirected to http://127.0.0.1:3000/
Completed 302 Found in 2ms (ActiveRecord: 0.1ms | Allocations: 661)


Started GET "/" for 127.0.0.1 at 2023-06-01 13:51:36 +0200
Processing by EmailsController#index as HTML
  Rendering layout layouts/application.html.erb
  Rendering emails/index.html.erb within layouts/application
  [1m[36mEmail Load (0.1ms)[0m  [1m[34mSELECT "emails".* FROM "emails"[0m
  ↳ app/views/emails/index.html.erb:5
  Rendered emails/index.html.erb within layouts/application (Duration: 2.0ms | Allocations: 822)
  Rendered layout layouts/application.html.erb (Duration: 6.9ms | Allocations: 3490)
Completed 200 OK in 8ms (Views: 7.5ms | ActiveRecord: 0.1ms | Allocations: 3816)


Started GET "/emails/4" for 127.0.0.1 at 2023-06-01 13:51:36 +0200
Processing by EmailsController#show as HTML
  Parameters: {"id"=>"4"}
  [1m[36mEmail Load (0.1ms)[0m  [1m[34mSELECT "emails".* FROM "emails" WHERE "emails"."id" = ? LIMIT ?[0m  [["id", 4], ["LIMIT", 1]]
  ↳ app/controllers/emails_controller.rb:19:in `show'
Redirected to http://127.0.0.1:3000/
Completed 302 Found in 3ms (ActiveRecord: 0.1ms | Allocations: 661)


Started GET "/" for 127.0.0.1 at 2023-06-01 13:51:36 +0200
Processing by EmailsController#index as HTML
  Rendering layout layouts/application.html.erb
  Rendering emails/index.html.erb within layouts/application
  [1m[36mEmail Load (0.1ms)[0m  [1m[34mSELECT "emails".* FROM "emails"[0m
  ↳ app/views/emails/index.html.erb:5
  Rendered emails/index.html.erb within layouts/application (Duration: 2.6ms | Allocations: 822)
  Rendered layout layouts/application.html.erb (Duration: 8.0ms | Allocations: 3489)
Completed 200 OK in 10ms (Views: 9.2ms | ActiveRecord: 0.1ms | Allocations: 3815)


Started GET "/emails/4" for 127.0.0.1 at 2023-06-01 13:51:37 +0200
Processing by EmailsController#show as HTML
  Parameters: {"id"=>"4"}
  [1m[36mEmail Load (0.1ms)[0m  [1m[34mSELECT "emails".* FROM "emails" WHERE "emails"."id" = ? LIMIT ?[0m  [["id", 4], ["LIMIT", 1]]
  ↳ app/controllers/emails_controller.rb:19:in `show'
Redirected to http://127.0.0.1:3000/
Completed 302 Found in 2ms (ActiveRecord: 0.1ms | Allocations: 661)


Started GET "/" for 127.0.0.1 at 2023-06-01 13:51:37 +0200
Processing by EmailsController#index as HTML
  Rendering layout layouts/application.html.erb
  Rendering emails/index.html.erb within layouts/application
  [1m[36mEmail Load (0.1ms)[0m  [1m[34mSELECT "emails".* FROM "emails"[0m
  ↳ app/views/emails/index.html.erb:5
  Rendered emails/index.html.erb within layouts/application (Duration: 2.3ms | Allocations: 822)
  Rendered layout layouts/application.html.erb (Duration: 7.5ms | Allocations: 3489)
Completed 200 OK in 10ms (Views: 9.3ms | ActiveRecord: 0.1ms | Allocations: 3815)


